2024-04-07 21:00:00 Loading main app package /usr/lib/obsidian/obsidian.asar
2024-04-07 21:00:00 Checking for update using Github
2024-04-07 21:00:00 Success.
2024-04-07 21:00:00 Latest version is 1.5.12
2024-04-07 21:00:00 App is up to date.
2024-04-13 20:07:52 Loading main app package /usr/lib/obsidian/obsidian.asar
2024-04-13 20:07:52 Checking for update using Github
2024-04-13 20:07:53 Success.
2024-04-13 20:07:53 Latest version is 1.5.12
2024-04-13 20:07:53 App is up to date.
2024-04-13 20:13:28 Loading main app package /usr/lib/obsidian/obsidian.asar
2024-04-13 20:13:28 Checking for update using Github
2024-04-13 20:13:28 Success.
2024-04-13 20:13:28 Latest version is 1.5.12
2024-04-13 20:13:28 App is up to date.
2024-04-13 22:40:38 Loading main app package /usr/lib/obsidian/obsidian.asar
2024-04-13 22:40:38 Checking for update using Github
2024-04-13 22:40:39 Success.
2024-04-13 22:40:39 Latest version is 1.5.12
2024-04-13 22:40:39 App is up to date.
2024-04-13 22:46:17 Loading main app package /usr/lib/obsidian/obsidian.asar
2024-04-13 22:46:18 Checking for update using Github
2024-04-13 22:46:18 Success.
2024-04-13 22:46:18 Latest version is 1.5.12
2024-04-13 22:46:18 App is up to date.
2024-04-13 23:32:09 Loading main app package /usr/lib/obsidian/obsidian.asar
2024-04-13 23:32:09 Checking for update using Github
2024-04-13 23:32:10 Success.
2024-04-13 23:32:10 Latest version is 1.5.12
2024-04-13 23:32:10 App is up to date.
2024-04-14 01:20:58 Loading main app package /usr/lib/obsidian/obsidian.asar
2024-04-14 01:20:59 Checking for update using Github
2024-04-14 01:20:59 Success.
2024-04-14 01:20:59 Latest version is 1.5.12
2024-04-14 01:20:59 App is up to date.
2024-04-14 01:21:32 Loading main app package /usr/lib/obsidian/obsidian.asar
2024-04-14 01:21:32 Checking for update using Github
2024-04-14 01:21:32 Success.
2024-04-14 01:21:32 Latest version is 1.5.12
2024-04-14 01:21:32 App is up to date.
2024-04-14 01:53:13 Loading main app package /usr/lib/obsidian/obsidian.asar
2024-04-14 01:53:13 Checking for update using Github
2024-04-14 01:53:13 Success.
2024-04-14 01:53:13 Latest version is 1.5.12
2024-04-14 01:53:13 App is up to date.
2024-04-14 10:47:58 Loading main app package /usr/lib/obsidian/obsidian.asar
2024-04-14 10:47:58 Checking for update using Github
2024-04-14 10:47:59 Success.
2024-04-14 10:47:59 Latest version is 1.5.12
2024-04-14 10:47:59 App is up to date.
2024-04-14 12:38:47 Loading main app package /usr/lib/obsidian/obsidian.asar
2024-04-14 12:38:47 Checking for update using Github
2024-04-14 12:38:47 Success.
2024-04-14 12:38:47 Latest version is 1.5.12
2024-04-14 12:38:47 App is up to date.
2024-04-14 13:38:47 Checking for update using Github
2024-04-14 13:38:47 Success.
2024-04-14 13:38:47 Latest version is 1.5.12
2024-04-14 13:38:47 App is up to date.
2024-04-14 14:38:47 Checking for update using Github
2024-04-14 14:38:47 Success.
2024-04-14 14:38:47 Latest version is 1.5.12
2024-04-14 14:38:47 App is up to date.
2024-04-14 15:38:47 Checking for update using Github
2024-04-14 15:38:47 Success.
2024-04-14 15:38:47 Latest version is 1.5.12
2024-04-14 15:38:47 App is up to date.
2024-04-14 16:38:47 Checking for update using Github
2024-04-14 16:38:47 Success.
2024-04-14 16:38:47 Latest version is 1.5.12
2024-04-14 16:38:47 App is up to date.
2024-04-14 17:38:47 Checking for update using Github
2024-04-14 17:38:47 Success.
2024-04-14 17:38:47 Latest version is 1.5.12
2024-04-14 17:38:47 App is up to date.
2024-04-14 18:38:47 Checking for update using Github
2024-04-14 18:38:47 Success.
2024-04-14 18:38:47 Latest version is 1.5.12
2024-04-14 18:38:47 App is up to date.
2024-04-14 19:38:47 Checking for update using Github
2024-04-14 19:38:48 Success.
2024-04-14 19:38:48 Latest version is 1.5.12
2024-04-14 19:38:48 App is up to date.
2024-04-14 20:38:47 Checking for update using Github
2024-04-14 20:38:48 Success.
2024-04-14 20:38:48 Latest version is 1.5.12
2024-04-14 20:38:48 App is up to date.
2024-04-19 18:11:13 Loading main app package /usr/lib/obsidian/obsidian.asar
2024-04-19 18:11:13 Checking for update using Github
2024-04-19 18:11:14 Success.
2024-04-19 18:11:14 Latest version is 1.5.12
2024-04-19 18:11:14 App is up to date.
2024-04-19 18:19:03 Loading main app package /usr/lib/obsidian/obsidian.asar
2024-04-19 18:19:03 Checking for update using Github
2024-04-19 18:19:03 Success.
2024-04-19 18:19:03 Latest version is 1.5.12
2024-04-19 18:19:03 App is up to date.
2024-04-19 18:20:04 Loading main app package /usr/lib/obsidian/obsidian.asar
2024-04-19 18:20:04 Checking for update using Github
2024-04-19 18:20:04 Success.
2024-04-19 18:20:04 Latest version is 1.5.12
2024-04-19 18:20:04 App is up to date.
2024-04-19 18:22:53 Loading main app package /usr/lib/obsidian/obsidian.asar
2024-04-19 18:22:54 Checking for update using Github
2024-04-19 18:22:54 Success.
2024-04-19 18:22:54 Latest version is 1.5.12
2024-04-19 18:22:54 App is up to date.
2024-04-19 18:26:23 Loading main app package /usr/lib/obsidian/obsidian.asar
2024-04-19 18:26:23 Checking for update using Github
2024-04-19 18:35:27 Loading main app package /usr/lib/obsidian/obsidian.asar
2024-04-19 18:35:28 Checking for update using Github
2024-04-19 18:35:28 Success.
2024-04-19 18:35:28 Latest version is 1.5.12
2024-04-19 18:35:28 App is up to date.
2024-04-19 18:38:15 Loading main app package /usr/lib/obsidian/obsidian.asar
2024-04-19 18:38:15 Checking for update using Github
2024-04-19 18:38:15 Success.
2024-04-19 18:38:15 Latest version is 1.5.12
2024-04-19 18:38:15 App is up to date.
2024-04-19 18:45:04 Loading main app package /usr/lib/obsidian/obsidian.asar
2024-04-19 18:45:04 Checking for update using Github
2024-04-19 18:45:04 Success.
2024-04-19 18:45:04 Latest version is 1.5.12
2024-04-19 18:45:04 App is up to date.
2024-04-19 19:20:27 Loading main app package /usr/lib/obsidian/obsidian.asar
2024-04-19 19:20:27 Checking for update using Github
2024-04-19 19:20:28 Success.
2024-04-19 19:20:28 Latest version is 1.5.12
2024-04-19 19:20:28 App is up to date.
2024-04-19 19:20:37 Loading main app package /usr/lib/obsidian/obsidian.asar
2024-04-19 19:20:37 Checking for update using Github
2024-04-19 19:20:37 Success.
2024-04-19 19:20:37 Latest version is 1.5.12
2024-04-19 19:20:37 App is up to date.
2024-04-19 20:20:37 Checking for update using Github
2024-04-19 20:20:37 Success.
2024-04-19 20:20:37 Latest version is 1.5.12
2024-04-19 20:20:37 App is up to date.
2024-04-19 20:27:54 Loading main app package /usr/lib/obsidian/obsidian.asar
2024-04-19 20:27:54 Checking for update using Github
2024-04-19 20:27:54 Success.
2024-04-19 20:27:54 Latest version is 1.5.12
2024-04-19 20:27:54 App is up to date.
2024-04-19 20:28:38 Loading main app package /usr/lib/obsidian/obsidian.asar
2024-04-19 20:28:38 Checking for update using Github
2024-04-19 20:28:38 Success.
2024-04-19 20:28:38 Latest version is 1.5.12
2024-04-19 20:28:38 App is up to date.
2024-04-19 20:53:04 Loading main app package /usr/lib/obsidian/obsidian.asar
2024-04-19 20:53:04 Checking for update using Github
2024-04-19 20:53:04 Success.
2024-04-19 20:53:04 Latest version is 1.5.12
2024-04-19 20:53:04 App is up to date.
2024-04-19 21:01:38 Loading main app package /usr/lib/obsidian/obsidian.asar
2024-04-19 21:01:38 Checking for update using Github
2024-04-19 21:01:38 Success.
2024-04-19 21:01:38 Latest version is 1.5.12
2024-04-19 21:01:38 App is up to date.
2024-04-19 21:03:17 Loading main app package /usr/lib/obsidian/obsidian.asar
2024-04-19 21:03:17 Checking for update using Github
2024-04-19 21:03:17 Success.
2024-04-19 21:03:17 Latest version is 1.5.12
2024-04-19 21:03:17 App is up to date.
2024-04-19 21:08:47 Loading main app package /usr/lib/obsidian/obsidian.asar
2024-04-19 21:08:48 Checking for update using Github
2024-04-19 21:08:48 Success.
2024-04-19 21:08:48 Latest version is 1.5.12
2024-04-19 21:08:48 App is up to date.
2024-04-28 18:38:43 Loading main app package /usr/lib/obsidian/obsidian.asar
2024-04-28 18:38:43 Checking for update using Github
2024-04-28 18:38:44 Success.
2024-04-28 18:38:44 Latest version is 1.5.12
2024-04-28 18:38:44 App is up to date.
